# JRE version: OpenJDK Runtime Environment Temurin-21.0.9+10 (21.0.9+10) (build 21.0.9+10-LTS)
# Java VM: OpenJDK 64-Bit Server VM Temurin-21.0.9+10 (21.0.9+10-LTS, mixed mode, sharing, tiered, compressed oops, compressed class ptrs, parallel gc, windows-amd64)
GC Precious Log:
 CardTable entry size: 512
 CPUs: 8 total, 8 available
 Memory: 8046M
 Large Page Support: Disabled
 NUMA Support: Disabled
 Compressed Oops: Enabled (32-bit)
 Alignments: Space 512K, Generation 512K, Heap 2M
 Heap Min Capacity: 100M
 Heap Initial Capacity: 100M
 Heap Max Capacity: 2G
 Pre-touch: Disabled
 Parallel Workers: 8
Heap:
 PSYoungGen      total 5632K, used 449K [0x00000000d5580000, 0x00000000d5d80000, 0x0000000100000000)
  eden space 5120K, 1% used [0x00000000d5580000,0x00000000d5594550,0x00000000d5a80000)
  from space 512K, 71% used [0x00000000d5c80000,0x00000000d5cdc030,0x00000000d5d00000)
  to   space 512K, 0% used [0x00000000d5d00000,0x00000000d5d00000,0x00000000d5d80000)
 ParOldGen       total 147968K, used 147853K [0x0000000080000000, 0x0000000089080000, 0x00000000d5580000)
  object space 147968K, 99% used [0x0000000080000000,0x0000000089063598,0x0000000089080000)
 Metaspace       used 76553K, committed 78144K, reserved 1179648K
  class space    used 8087K, committed 8832K, reserved 1048576K
GC Heap History (20 events):
Event: 117.734 GC heap before
{Heap before GC invocations=145 (full 3):
 PSYoungGen      total 8192K, used 6829K [0x00000000d5580000, 0x00000000d5f80000, 0x0000000100000000)
  eden space 6144K, 100% used [0x00000000d5580000,0x00000000d5b80000,0x00000000d5b80000)
  from space 2048K, 33% used [0x00000000d5c80000,0x00000000d5d2b560,0x00000000d5e80000)
  to   space 1024K, 0% used [0x00000000d5e80000,0x00000000d5e80000,0x00000000d5f80000)
 ParOldGen       total 143360K, used 143272K [0x0000000080000000, 0x0000000088c00000, 0x00000000d5580000)
  object space 143360K, 99% used [0x0000000080000000,0x0000000088bea250,0x0000000088c00000)
 Metaspace       used 74766K, committed 76288K, reserved 1179648K
  class space    used 7886K, committed 8576K, reserved 1048576K
}
Event: 117.738 GC heap after
{Heap after GC invocations=145 (full 3):
 PSYoungGen      total 6144K, used 1004K [0x00000000d5580000, 0x00000000d6380000, 0x0000000100000000)
  eden space 5120K, 0% used [0x00000000d5580000,0x00000000d5580000,0x00000000d5a80000)
  from space 1024K, 98% used [0x00000000d5e80000,0x00000000d5f7b3c8,0x00000000d5f80000)
  to   space 4096K, 0% used [0x00000000d5a80000,0x00000000d5a80000,0x00000000d5e80000)
 ParOldGen       total 145920K, used 145477K [0x0000000080000000, 0x0000000088e80000, 0x00000000d5580000)
  object space 145920K, 99% used [0x0000000080000000,0x0000000088e11400,0x0000000088e80000)
 Metaspace       used 74766K, committed 76288K, reserved 1179648K
  class space    used 7886K, committed 8576K, reserved 1048576K
}
Event: 117.803 GC heap before
{Heap before GC invocations=146 (full 3):
 PSYoungGen      total 6144K, used 6124K [0x00000000d5580000, 0x00000000d6380000, 0x0000000100000000)
  eden space 5120K, 100% used [0x00000000d5580000,0x00000000d5a80000,0x00000000d5a80000)
  from space 1024K, 98% used [0x00000000d5e80000,0x00000000d5f7b3c8,0x00000000d5f80000)
  to   space 4096K, 0% used [0x00000000d5a80000,0x00000000d5a80000,0x00000000d5e80000)
 ParOldGen       total 145920K, used 145477K [0x0000000080000000, 0x0000000088e80000, 0x00000000d5580000)
  object space 145920K, 99% used [0x0000000080000000,0x0000000088e11400,0x0000000088e80000)
 Metaspace       used 74768K, committed 76288K, reserved 1179648K
  class space    used 7886K, committed 8576K, reserved 1048576K
}
Event: 117.805 GC heap after
{Heap after GC invocations=146 (full 3):
 PSYoungGen      total 5632K, used 224K [0x00000000d5580000, 0x00000000d5f00000, 0x0000000100000000)
  eden space 5120K, 0% used [0x00000000d5580000,0x00000000d5580000,0x00000000d5a80000)
  from space 512K, 43% used [0x00000000d5a80000,0x00000000d5ab8000,0x00000000d5b00000)
  to   space 1536K, 0% used [0x00000000d5d80000,0x00000000d5d80000,0x00000000d5f00000)
 ParOldGen       total 145920K, used 145509K [0x0000000080000000, 0x0000000088e80000, 0x00000000d5580000)
  object space 145920K, 99% used [0x0000000080000000,0x0000000088e19400,0x0000000088e80000)
 Metaspace       used 74768K, committed 76288K, reserved 1179648K
  class space    used 7886K, committed 8576K, reserved 1048576K
}
Event: 118.243 GC heap before
{Heap before GC invocations=147 (full 3):
 PSYoungGen      total 5632K, used 5268K [0x00000000d5580000, 0x00000000d5f00000, 0x0000000100000000)
  eden space 5120K, 98% used [0x00000000d5580000,0x00000000d5a6d110,0x00000000d5a80000)
  from space 512K, 43% used [0x00000000d5a80000,0x00000000d5ab8000,0x00000000d5b00000)
  to   space 1536K, 0% used [0x00000000d5d80000,0x00000000d5d80000,0x00000000d5f00000)
 ParOldGen       total 145920K, used 145509K [0x0000000080000000, 0x0000000088e80000, 0x00000000d5580000)
  object space 145920K, 99% used [0x0000000080000000,0x0000000088e19400,0x0000000088e80000)
 Metaspace       used 74931K, committed 76480K, reserved 1179648K
  class space    used 7900K, committed 8576K, reserved 1048576K
}
Event: 118.247 GC heap after
{Heap after GC invocations=147 (full 3):
 PSYoungGen      total 6144K, used 552K [0x00000000d5580000, 0x00000000d5e80000, 0x0000000100000000)
  eden space 5120K, 0% used [0x00000000d5580000,0x00000000d5580000,0x00000000d5a80000)
  from space 1024K, 53% used [0x00000000d5d80000,0x00000000d5e0a010,0x00000000d5e80000)
  to   space 1024K, 0% used [0x00000000d5c80000,0x00000000d5c80000,0x00000000d5d80000)
 ParOldGen       total 145920K, used 145565K [0x0000000080000000, 0x0000000088e80000, 0x00000000d5580000)
  object space 145920K, 99% used [0x0000000080000000,0x0000000088e27400,0x0000000088e80000)
 Metaspace       used 74931K, committed 76480K, reserved 1179648K
  class space    used 7900K, committed 8576K, reserved 1048576K
}
Event: 119.258 GC heap before
{Heap before GC invocations=148 (full 3):
 PSYoungGen      total 6144K, used 5672K [0x00000000d5580000, 0x00000000d5e80000, 0x0000000100000000)
  eden space 5120K, 99% used [0x00000000d5580000,0x00000000d5a7fff8,0x00000000d5a80000)
  from space 1024K, 53% used [0x00000000d5d80000,0x00000000d5e0a010,0x00000000d5e80000)
  to   space 1024K, 0% used [0x00000000d5c80000,0x00000000d5c80000,0x00000000d5d80000)
 ParOldGen       total 145920K, used 145565K [0x0000000080000000, 0x0000000088e80000, 0x00000000d5580000)
  object space 145920K, 99% used [0x0000000080000000,0x0000000088e27400,0x0000000088e80000)
 Metaspace       used 75133K, committed 76672K, reserved 1179648K
  class space    used 7934K, committed 8640K, reserved 1048576K
}
Event: 119.261 GC heap after
{Heap after GC invocations=148 (full 3):
 PSYoungGen      total 6144K, used 704K [0x00000000d5580000, 0x00000000d5e00000, 0x0000000100000000)
  eden space 5120K, 0% used [0x00000000d5580000,0x00000000d5580000,0x00000000d5a80000)
  from space 1024K, 68% used [0x00000000d5c80000,0x00000000d5d30000,0x00000000d5d80000)
  to   space 512K, 0% used [0x00000000d5d80000,0x00000000d5d80000,0x00000000d5e00000)
 ParOldGen       total 145920K, used 145813K [0x0000000080000000, 0x0000000088e80000, 0x00000000d5580000)
  object space 145920K, 99% used [0x0000000080000000,0x0000000088e65400,0x0000000088e80000)
 Metaspace       used 75133K, committed 76672K, reserved 1179648K
  class space    used 7934K, committed 8640K, reserved 1048576K
}
Event: 119.511 GC heap before
{Heap before GC invocations=149 (full 3):
 PSYoungGen      total 6144K, used 5824K [0x00000000d5580000, 0x00000000d5e00000, 0x0000000100000000)
  eden space 5120K, 100% used [0x00000000d5580000,0x00000000d5a80000,0x00000000d5a80000)
  from space 1024K, 68% used [0x00000000d5c80000,0x00000000d5d30000,0x00000000d5d80000)
  to   space 512K, 0% used [0x00000000d5d80000,0x00000000d5d80000,0x00000000d5e00000)
 ParOldGen       total 145920K, used 145813K [0x0000000080000000, 0x0000000088e80000, 0x00000000d5580000)
  object space 145920K, 99% used [0x0000000080000000,0x0000000088e65400,0x0000000088e80000)
 Metaspace       used 75362K, committed 76928K, reserved 1179648K
  class space    used 7969K, committed 8704K, reserved 1048576K
}
Event: 119.517 GC heap after
{Heap after GC invocations=149 (full 3):
 PSYoungGen      total 5632K, used 512K [0x00000000d5580000, 0x00000000d5e00000, 0x0000000100000000)
  eden space 5120K, 0% used [0x00000000d5580000,0x00000000d5580000,0x00000000d5a80000)
  from space 512K, 100% used [0x00000000d5d80000,0x00000000d5e00000,0x00000000d5e00000)
  to   space 1536K, 0% used [0x00000000d5b00000,0x00000000d5b00000,0x00000000d5c80000)
 ParOldGen       total 146944K, used 146509K [0x0000000080000000, 0x0000000088f80000, 0x00000000d5580000)
  object space 146944K, 99% used [0x0000000080000000,0x0000000088f13400,0x0000000088f80000)
 Metaspace       used 75362K, committed 76928K, reserved 1179648K
  class space    used 7969K, committed 8704K, reserved 1048576K
}
Event: 119.798 GC heap before
{Heap before GC invocations=150 (full 3):
 PSYoungGen      total 5632K, used 5632K [0x00000000d5580000, 0x00000000d5e00000, 0x0000000100000000)
  eden space 5120K, 100% used [0x00000000d5580000,0x00000000d5a80000,0x00000000d5a80000)
  from space 512K, 100% used [0x00000000d5d80000,0x00000000d5e00000,0x00000000d5e00000)
  to   space 1536K, 0% used [0x00000000d5b00000,0x00000000d5b00000,0x00000000d5c80000)
 ParOldGen       total 146944K, used 146509K [0x0000000080000000, 0x0000000088f80000, 0x00000000d5580000)
  object space 146944K, 99% used [0x0000000080000000,0x0000000088f13400,0x0000000088f80000)
 Metaspace       used 75378K, committed 76992K, reserved 1179648K
  class space    used 7970K, committed 8704K, reserved 1048576K
}
Event: 119.801 GC heap after
{Heap after GC invocations=150 (full 3):
 PSYoungGen      total 6656K, used 352K [0x00000000d5580000, 0x00000000d5e00000, 0x0000000100000000)
  eden space 5120K, 0% used [0x00000000d5580000,0x00000000d5580000,0x00000000d5a80000)
  from space 1536K, 22% used [0x00000000d5b00000,0x00000000d5b58000,0x00000000d5c80000)
  to   space 1024K, 0% used [0x00000000d5d00000,0x00000000d5d00000,0x00000000d5e00000)
 ParOldGen       total 147456K, used 146985K [0x0000000080000000, 0x0000000089000000, 0x00000000d5580000)
  object space 147456K, 99% used [0x0000000080000000,0x0000000088f8a410,0x0000000089000000)
 Metaspace       used 75378K, committed 76992K, reserved 1179648K
  class space    used 7970K, committed 8704K, reserved 1048576K
}
Event: 120.219 GC heap before
{Heap before GC invocations=151 (full 3):
 PSYoungGen      total 6656K, used 5470K [0x00000000d5580000, 0x00000000d5e00000, 0x0000000100000000)
  eden space 5120K, 99% used [0x00000000d5580000,0x00000000d5a7f840,0x00000000d5a80000)
  from space 1536K, 22% used [0x00000000d5b00000,0x00000000d5b58000,0x00000000d5c80000)
  to   space 1024K, 0% used [0x00000000d5d00000,0x00000000d5d00000,0x00000000d5e00000)
 ParOldGen       total 147456K, used 146985K [0x0000000080000000, 0x0000000089000000, 0x00000000d5580000)
  object space 147456K, 99% used [0x0000000080000000,0x0000000088f8a410,0x0000000089000000)
 Metaspace       used 75735K, committed 77248K, reserved 1179648K
  class space    used 8018K, committed 8704K, reserved 1048576K
}
Event: 120.221 GC heap after
{Heap after GC invocations=151 (full 3):
 PSYoungGen      total 5632K, used 448K [0x00000000d5580000, 0x00000000d5d80000, 0x0000000100000000)
  eden space 5120K, 0% used [0x00000000d5580000,0x00000000d5580000,0x00000000d5a80000)
  from space 512K, 87% used [0x00000000d5d00000,0x00000000d5d70000,0x00000000d5d80000)
  to   space 512K, 0% used [0x00000000d5c80000,0x00000000d5c80000,0x00000000d5d00000)
 ParOldGen       total 147456K, used 147241K [0x0000000080000000, 0x0000000089000000, 0x00000000d5580000)
  object space 147456K, 99% used [0x0000000080000000,0x0000000088fca410,0x0000000089000000)
 Metaspace       used 75735K, committed 77248K, reserved 1179648K
  class space    used 8018K, committed 8704K, reserved 1048576K
}
Event: 120.490 GC heap before
{Heap before GC invocations=152 (full 3):
 PSYoungGen      total 5632K, used 5568K [0x00000000d5580000, 0x00000000d5d80000, 0x0000000100000000)
  eden space 5120K, 100% used [0x00000000d5580000,0x00000000d5a80000,0x00000000d5a80000)
  from space 512K, 87% used [0x00000000d5d00000,0x00000000d5d70000,0x00000000d5d80000)
  to   space 512K, 0% used [0x00000000d5c80000,0x00000000d5c80000,0x00000000d5d00000)
 ParOldGen       total 147456K, used 147241K [0x0000000080000000, 0x0000000089000000, 0x00000000d5580000)
  object space 147456K, 99% used [0x0000000080000000,0x0000000088fca410,0x0000000089000000)
 Metaspace       used 76033K, committed 77632K, reserved 1179648K
  class space    used 8035K, committed 8768K, reserved 1048576K
}
Event: 120.495 GC heap after
{Heap after GC invocations=152 (full 3):
 PSYoungGen      total 5632K, used 485K [0x00000000d5580000, 0x00000000d5d80000, 0x0000000100000000)
  eden space 5120K, 0% used [0x00000000d5580000,0x00000000d5580000,0x00000000d5a80000)
  from space 512K, 94% used [0x00000000d5c80000,0x00000000d5cf9420,0x00000000d5d00000)
  to   space 512K, 0% used [0x00000000d5d00000,0x00000000d5d00000,0x00000000d5d80000)
 ParOldGen       total 147968K, used 147587K [0x0000000080000000, 0x0000000089080000, 0x00000000d5580000)
  object space 147968K, 99% used [0x0000000080000000,0x0000000089020fe0,0x0000000089080000)
 Metaspace       used 76033K, committed 77632K, reserved 1179648K
  class space    used 8035K, committed 8768K, reserved 1048576K
}
Event: 121.134 GC heap before
{Heap before GC invocations=153 (full 3):
 PSYoungGen      total 5632K, used 5605K [0x00000000d5580000, 0x00000000d5d80000, 0x0000000100000000)
  eden space 5120K, 100% used [0x00000000d5580000,0x00000000d5a80000,0x00000000d5a80000)
  from space 512K, 94% used [0x00000000d5c80000,0x00000000d5cf9420,0x00000000d5d00000)
  to   space 512K, 0% used [0x00000000d5d00000,0x00000000d5d00000,0x00000000d5d80000)
 ParOldGen       total 147968K, used 147587K [0x0000000080000000, 0x0000000089080000, 0x00000000d5580000)
  object space 147968K, 99% used [0x0000000080000000,0x0000000089020fe0,0x0000000089080000)
 Metaspace       used 76211K, committed 77760K, reserved 1179648K
  class space    used 8054K, committed 8768K, reserved 1048576K
}
Event: 121.136 GC heap after
{Heap after GC invocations=153 (full 3):
 PSYoungGen      total 5632K, used 256K [0x00000000d5580000, 0x00000000d5d80000, 0x0000000100000000)
  eden space 5120K, 0% used [0x00000000d5580000,0x00000000d5580000,0x00000000d5a80000)
  from space 512K, 50% used [0x00000000d5d00000,0x00000000d5d40000,0x00000000d5d80000)
  to   space 512K, 0% used [0x00000000d5c80000,0x00000000d5c80000,0x00000000d5d00000)
 ParOldGen       total 147968K, used 147717K [0x0000000080000000, 0x0000000089080000, 0x00000000d5580000)
  object space 147968K, 99% used [0x0000000080000000,0x0000000089041598,0x0000000089080000)
 Metaspace       used 76211K, committed 77760K, reserved 1179648K
  class space    used 8054K, committed 8768K, reserved 1048576K
}
Event: 538.359 GC heap before
{Heap before GC invocations=154 (full 3):
 PSYoungGen      total 5632K, used 5376K [0x00000000d5580000, 0x00000000d5d80000, 0x0000000100000000)
  eden space 5120K, 100% used [0x00000000d5580000,0x00000000d5a80000,0x00000000d5a80000)
  from space 512K, 50% used [0x00000000d5d00000,0x00000000d5d40000,0x00000000d5d80000)
  to   space 512K, 0% used [0x00000000d5c80000,0x00000000d5c80000,0x00000000d5d00000)
 ParOldGen       total 147968K, used 147717K [0x0000000080000000, 0x0000000089080000, 0x00000000d5580000)
  object space 147968K, 99% used [0x0000000080000000,0x0000000089041598,0x0000000089080000)
 Metaspace       used 76548K, committed 78144K, reserved 1179648K
  class space    used 8087K, committed 8832K, reserved 1048576K
}
Event: 538.364 GC heap after
{Heap after GC invocations=154 (full 3):
 PSYoungGen      total 5632K, used 368K [0x00000000d5580000, 0x00000000d5d80000, 0x0000000100000000)
  eden space 5120K, 0% used [0x00000000d5580000,0x00000000d5580000,0x00000000d5a80000)
  from space 512K, 71% used [0x00000000d5c80000,0x00000000d5cdc030,0x00000000d5d00000)
  to   space 512K, 0% used [0x00000000d5d00000,0x00000000d5d00000,0x00000000d5d80000)
 ParOldGen       total 147968K, used 147853K [0x0000000080000000, 0x0000000089080000, 0x00000000d5580000)
  object space 147968K, 99% used [0x0000000080000000,0x0000000089063598,0x0000000089080000)
 Metaspace       used 76548K, committed 78144K, reserved 1179648K
  class space    used 8087K, committed 8832K, reserved 1048576K
}

