# JRE version: OpenJDK Runtime Environment Temurin-21.0.9+10 (21.0.9+10) (build 21.0.9+10-LTS)
# Java VM: OpenJDK 64-Bit Server VM Temurin-21.0.9+10 (21.0.9+10-LTS, mixed mode, sharing, tiered, compressed oops, compressed class ptrs, parallel gc, windows-amd64)
GC Precious Log:
 CardTable entry size: 512
 CPUs: 8 total, 8 available
 Memory: 8046M
 Large Page Support: Disabled
 NUMA Support: Disabled
 Compressed Oops: Enabled (32-bit)
 Alignments: Space 512K, Generation 512K, Heap 2M
 Heap Min Capacity: 100M
 Heap Initial Capacity: 100M
 Heap Max Capacity: 2G
 Pre-touch: Disabled
 Parallel Workers: 8
Heap:
 PSYoungGen      total 7168K, used 2464K [0x00000000d5580000, 0x00000000d5e00000, 0x0000000100000000)
  eden space 5120K, 48% used [0x00000000d5580000,0x00000000d57e8070,0x00000000d5a80000)
  from space 2048K, 0% used [0x00000000d5b00000,0x00000000d5b00000,0x00000000d5d00000)
  to   space 1024K, 0% used [0x00000000d5d00000,0x00000000d5d00000,0x00000000d5e00000)
 ParOldGen       total 1209344K, used 92070K [0x0000000080000000, 0x00000000c9d00000, 0x00000000d5580000)
  object space 1209344K, 7% used [0x0000000080000000,0x00000000859e9ba8,0x00000000c9d00000)
 Metaspace       used 83241K, committed 84992K, reserved 1179648K
  class space    used 8436K, committed 9216K, reserved 1048576K
GC Heap History (20 events):
Event: 1773.591 GC heap before
{Heap before GC invocations=1207 (full 4):
 PSYoungGen      total 6144K, used 5952K [0x00000000d5580000, 0x00000000d5e00000, 0x0000000100000000)
  eden space 5632K, 100% used [0x00000000d5580000,0x00000000d5b00000,0x00000000d5b00000)
  from space 512K, 62% used [0x00000000d5d80000,0x00000000d5dd0000,0x00000000d5e00000)
  to   space 512K, 0% used [0x00000000d5d00000,0x00000000d5d00000,0x00000000d5d80000)
 ParOldGen       total 1201664K, used 1201566K [0x0000000080000000, 0x00000000c9580000, 0x00000000d5580000)
  object space 1201664K, 99% used [0x0000000080000000,0x00000000c9567828,0x00000000c9580000)
 Metaspace       used 83219K, committed 84928K, reserved 1179648K
  class space    used 8436K, committed 9216K, reserved 1048576K
}
Event: 1773.598 GC heap after
{Heap after GC invocations=1207 (full 4):
 PSYoungGen      total 6144K, used 512K [0x00000000d5580000, 0x00000000d5e00000, 0x0000000100000000)
  eden space 5632K, 0% used [0x00000000d5580000,0x00000000d5580000,0x00000000d5b00000)
  from space 512K, 100% used [0x00000000d5d00000,0x00000000d5d80000,0x00000000d5d80000)
  to   space 512K, 0% used [0x00000000d5d80000,0x00000000d5d80000,0x00000000d5e00000)
 ParOldGen       total 1202688K, used 1202230K [0x0000000080000000, 0x00000000c9680000, 0x00000000d5580000)
  object space 1202688K, 99% used [0x0000000080000000,0x00000000c960d828,0x00000000c9680000)
 Metaspace       used 83219K, committed 84928K, reserved 1179648K
  class space    used 8436K, committed 9216K, reserved 1048576K
}
Event: 1774.141 GC heap before
{Heap before GC invocations=1208 (full 4):
 PSYoungGen      total 6144K, used 6144K [0x00000000d5580000, 0x00000000d5e00000, 0x0000000100000000)
  eden space 5632K, 100% used [0x00000000d5580000,0x00000000d5b00000,0x00000000d5b00000)
  from space 512K, 100% used [0x00000000d5d00000,0x00000000d5d80000,0x00000000d5d80000)
  to   space 512K, 0% used [0x00000000d5d80000,0x00000000d5d80000,0x00000000d5e00000)
 ParOldGen       total 1202688K, used 1202230K [0x0000000080000000, 0x00000000c9680000, 0x00000000d5580000)
  object space 1202688K, 99% used [0x0000000080000000,0x00000000c960d828,0x00000000c9680000)
 Metaspace       used 83222K, committed 84928K, reserved 1179648K
  class space    used 8436K, committed 9216K, reserved 1048576K
}
Event: 1774.152 GC heap after
{Heap after GC invocations=1208 (full 4):
 PSYoungGen      total 6144K, used 512K [0x00000000d5580000, 0x00000000d5e00000, 0x0000000100000000)
  eden space 5632K, 0% used [0x00000000d5580000,0x00000000d5580000,0x00000000d5b00000)
  from space 512K, 100% used [0x00000000d5d80000,0x00000000d5e00000,0x00000000d5e00000)
  to   space 1536K, 0% used [0x00000000d5b00000,0x00000000d5b00000,0x00000000d5c80000)
 ParOldGen       total 1203200K, used 1202790K [0x0000000080000000, 0x00000000c9700000, 0x00000000d5580000)
  object space 1203200K, 99% used [0x0000000080000000,0x00000000c9699828,0x00000000c9700000)
 Metaspace       used 83222K, committed 84928K, reserved 1179648K
  class space    used 8436K, committed 9216K, reserved 1048576K
}
Event: 1775.416 GC heap before
{Heap before GC invocations=1209 (full 4):
 PSYoungGen      total 6144K, used 6143K [0x00000000d5580000, 0x00000000d5e00000, 0x0000000100000000)
  eden space 5632K, 99% used [0x00000000d5580000,0x00000000d5affff8,0x00000000d5b00000)
  from space 512K, 100% used [0x00000000d5d80000,0x00000000d5e00000,0x00000000d5e00000)
  to   space 1536K, 0% used [0x00000000d5b00000,0x00000000d5b00000,0x00000000d5c80000)
 ParOldGen       total 1203200K, used 1202790K [0x0000000080000000, 0x00000000c9700000, 0x00000000d5580000)
  object space 1203200K, 99% used [0x0000000080000000,0x00000000c9699828,0x00000000c9700000)
 Metaspace       used 83226K, committed 84928K, reserved 1179648K
  class space    used 8436K, committed 9216K, reserved 1048576K
}
Event: 1775.422 GC heap after
{Heap after GC invocations=1209 (full 4):
 PSYoungGen      total 7168K, used 340K [0x00000000d5580000, 0x00000000d5e00000, 0x0000000100000000)
  eden space 5632K, 0% used [0x00000000d5580000,0x00000000d5580000,0x00000000d5b00000)
  from space 1536K, 22% used [0x00000000d5b00000,0x00000000d5b55200,0x00000000d5c80000)
  to   space 1024K, 0% used [0x00000000d5d00000,0x00000000d5d00000,0x00000000d5e00000)
 ParOldGen       total 1203200K, used 1202905K [0x0000000080000000, 0x00000000c9700000, 0x00000000d5580000)
  object space 1203200K, 99% used [0x0000000080000000,0x00000000c96b6538,0x00000000c9700000)
 Metaspace       used 83226K, committed 84928K, reserved 1179648K
  class space    used 8436K, committed 9216K, reserved 1048576K
}
Event: 1775.477 GC heap before
{Heap before GC invocations=1210 (full 4):
 PSYoungGen      total 7168K, used 5972K [0x00000000d5580000, 0x00000000d5e00000, 0x0000000100000000)
  eden space 5632K, 99% used [0x00000000d5580000,0x00000000d5affff0,0x00000000d5b00000)
  from space 1536K, 22% used [0x00000000d5b00000,0x00000000d5b55200,0x00000000d5c80000)
  to   space 1024K, 0% used [0x00000000d5d00000,0x00000000d5d00000,0x00000000d5e00000)
 ParOldGen       total 1203200K, used 1202905K [0x0000000080000000, 0x00000000c9700000, 0x00000000d5580000)
  object space 1203200K, 99% used [0x0000000080000000,0x00000000c96b6538,0x00000000c9700000)
 Metaspace       used 83226K, committed 84928K, reserved 1179648K
  class space    used 8436K, committed 9216K, reserved 1048576K
}
Event: 1775.482 GC heap after
{Heap after GC invocations=1210 (full 4):
 PSYoungGen      total 6144K, used 1015K [0x00000000d5580000, 0x00000000d6000000, 0x0000000100000000)
  eden space 5120K, 0% used [0x00000000d5580000,0x00000000d5580000,0x00000000d5a80000)
  from space 1024K, 99% used [0x00000000d5d00000,0x00000000d5dfded0,0x00000000d5e00000)
  to   space 2560K, 0% used [0x00000000d5a80000,0x00000000d5a80000,0x00000000d5d00000)
 ParOldGen       total 1204224K, used 1203805K [0x0000000080000000, 0x00000000c9800000, 0x00000000d5580000)
  object space 1204224K, 99% used [0x0000000080000000,0x00000000c9797468,0x00000000c9800000)
 Metaspace       used 83226K, committed 84928K, reserved 1179648K
  class space    used 8436K, committed 9216K, reserved 1048576K
}
Event: 1775.516 GC heap before
{Heap before GC invocations=1211 (full 4):
 PSYoungGen      total 6144K, used 6135K [0x00000000d5580000, 0x00000000d6000000, 0x0000000100000000)
  eden space 5120K, 100% used [0x00000000d5580000,0x00000000d5a80000,0x00000000d5a80000)
  from space 1024K, 99% used [0x00000000d5d00000,0x00000000d5dfded0,0x00000000d5e00000)
  to   space 2560K, 0% used [0x00000000d5a80000,0x00000000d5a80000,0x00000000d5d00000)
 ParOldGen       total 1204224K, used 1203805K [0x0000000080000000, 0x00000000c9800000, 0x00000000d5580000)
  object space 1204224K, 99% used [0x0000000080000000,0x00000000c9797468,0x00000000c9800000)
 Metaspace       used 83226K, committed 84928K, reserved 1179648K
  class space    used 8436K, committed 9216K, reserved 1048576K
}
Event: 1775.523 GC heap after
{Heap after GC invocations=1211 (full 4):
 PSYoungGen      total 6656K, used 1152K [0x00000000d5580000, 0x00000000d5d80000, 0x0000000100000000)
  eden space 5120K, 0% used [0x00000000d5580000,0x00000000d5580000,0x00000000d5a80000)
  from space 1536K, 75% used [0x00000000d5a80000,0x00000000d5ba0000,0x00000000d5c00000)
  to   space 1536K, 0% used [0x00000000d5c00000,0x00000000d5c00000,0x00000000d5d80000)
 ParOldGen       total 1205248K, used 1204988K [0x0000000080000000, 0x00000000c9900000, 0x00000000d5580000)
  object space 1205248K, 99% used [0x0000000080000000,0x00000000c98bf378,0x00000000c9900000)
 Metaspace       used 83226K, committed 84928K, reserved 1179648K
  class space    used 8436K, committed 9216K, reserved 1048576K
}
Event: 1775.569 GC heap before
{Heap before GC invocations=1212 (full 4):
 PSYoungGen      total 6656K, used 6272K [0x00000000d5580000, 0x00000000d5d80000, 0x0000000100000000)
  eden space 5120K, 100% used [0x00000000d5580000,0x00000000d5a80000,0x00000000d5a80000)
  from space 1536K, 75% used [0x00000000d5a80000,0x00000000d5ba0000,0x00000000d5c00000)
  to   space 1536K, 0% used [0x00000000d5c00000,0x00000000d5c00000,0x00000000d5d80000)
 ParOldGen       total 1205248K, used 1204988K [0x0000000080000000, 0x00000000c9900000, 0x00000000d5580000)
  object space 1205248K, 99% used [0x0000000080000000,0x00000000c98bf378,0x00000000c9900000)
 Metaspace       used 83227K, committed 84928K, reserved 1179648K
  class space    used 8436K, committed 9216K, reserved 1048576K
}
Event: 1775.575 GC heap after
{Heap after GC invocations=1212 (full 4):
 PSYoungGen      total 6656K, used 971K [0x00000000d5580000, 0x00000000d5d80000, 0x0000000100000000)
  eden space 5120K, 0% used [0x00000000d5580000,0x00000000d5580000,0x00000000d5a80000)
  from space 1536K, 63% used [0x00000000d5c00000,0x00000000d5cf2c40,0x00000000d5d80000)
  to   space 1536K, 0% used [0x00000000d5a80000,0x00000000d5a80000,0x00000000d5c00000)
 ParOldGen       total 1206272K, used 1205888K [0x0000000080000000, 0x00000000c9a00000, 0x00000000d5580000)
  object space 1206272K, 99% used [0x0000000080000000,0x00000000c99a0388,0x00000000c9a00000)
 Metaspace       used 83227K, committed 84928K, reserved 1179648K
  class space    used 8436K, committed 9216K, reserved 1048576K
}
Event: 1775.611 GC heap before
{Heap before GC invocations=1213 (full 4):
 PSYoungGen      total 6656K, used 6091K [0x00000000d5580000, 0x00000000d5d80000, 0x0000000100000000)
  eden space 5120K, 100% used [0x00000000d5580000,0x00000000d5a80000,0x00000000d5a80000)
  from space 1536K, 63% used [0x00000000d5c00000,0x00000000d5cf2c40,0x00000000d5d80000)
  to   space 1536K, 0% used [0x00000000d5a80000,0x00000000d5a80000,0x00000000d5c00000)
 ParOldGen       total 1206272K, used 1205888K [0x0000000080000000, 0x00000000c9a00000, 0x00000000d5580000)
  object space 1206272K, 99% used [0x0000000080000000,0x00000000c99a0388,0x00000000c9a00000)
 Metaspace       used 83227K, committed 84928K, reserved 1179648K
  class space    used 8436K, committed 9216K, reserved 1048576K
}
Event: 1775.618 GC heap after
{Heap after GC invocations=1213 (full 4):
 PSYoungGen      total 6656K, used 1504K [0x00000000d5580000, 0x00000000d6080000, 0x0000000100000000)
  eden space 5120K, 0% used [0x00000000d5580000,0x00000000d5580000,0x00000000d5a80000)
  from space 1536K, 97% used [0x00000000d5a80000,0x00000000d5bf8020,0x00000000d5c00000)
  to   space 3072K, 0% used [0x00000000d5d80000,0x00000000d5d80000,0x00000000d6080000)
 ParOldGen       total 1206784K, used 1206768K [0x0000000080000000, 0x00000000c9a80000, 0x00000000d5580000)
  object space 1206784K, 99% used [0x0000000080000000,0x00000000c9a7c3f0,0x00000000c9a80000)
 Metaspace       used 83227K, committed 84928K, reserved 1179648K
  class space    used 8436K, committed 9216K, reserved 1048576K
}
Event: 1775.673 GC heap before
{Heap before GC invocations=1214 (full 4):
 PSYoungGen      total 6656K, used 6624K [0x00000000d5580000, 0x00000000d6080000, 0x0000000100000000)
  eden space 5120K, 100% used [0x00000000d5580000,0x00000000d5a80000,0x00000000d5a80000)
  from space 1536K, 97% used [0x00000000d5a80000,0x00000000d5bf8020,0x00000000d5c00000)
  to   space 3072K, 0% used [0x00000000d5d80000,0x00000000d5d80000,0x00000000d6080000)
 ParOldGen       total 1206784K, used 1206768K [0x0000000080000000, 0x00000000c9a80000, 0x00000000d5580000)
  object space 1206784K, 99% used [0x0000000080000000,0x00000000c9a7c3f0,0x00000000c9a80000)
 Metaspace       used 83231K, committed 84928K, reserved 1179648K
  class space    used 8436K, committed 9216K, reserved 1048576K
}
Event: 1775.684 GC heap after
{Heap after GC invocations=1214 (full 4):
 PSYoungGen      total 6656K, used 1280K [0x00000000d5580000, 0x00000000d5f00000, 0x0000000100000000)
  eden space 5120K, 0% used [0x00000000d5580000,0x00000000d5580000,0x00000000d5a80000)
  from space 1536K, 83% used [0x00000000d5d80000,0x00000000d5ec0000,0x00000000d5f00000)
  to   space 2048K, 0% used [0x00000000d5b00000,0x00000000d5b00000,0x00000000d5d00000)
 ParOldGen       total 1208320K, used 1208293K [0x0000000080000000, 0x00000000c9c00000, 0x00000000d5580000)
  object space 1208320K, 99% used [0x0000000080000000,0x00000000c9bf9678,0x00000000c9c00000)
 Metaspace       used 83231K, committed 84928K, reserved 1179648K
  class space    used 8436K, committed 9216K, reserved 1048576K
}
Event: 1775.712 GC heap before
{Heap before GC invocations=1215 (full 4):
 PSYoungGen      total 6656K, used 4347K [0x00000000d5580000, 0x00000000d5f00000, 0x0000000100000000)
  eden space 5120K, 59% used [0x00000000d5580000,0x00000000d587ee78,0x00000000d5a80000)
  from space 1536K, 83% used [0x00000000d5d80000,0x00000000d5ec0000,0x00000000d5f00000)
  to   space 2048K, 0% used [0x00000000d5b00000,0x00000000d5b00000,0x00000000d5d00000)
 ParOldGen       total 1208320K, used 1208293K [0x0000000080000000, 0x00000000c9c00000, 0x00000000d5580000)
  object space 1208320K, 99% used [0x0000000080000000,0x00000000c9bf9678,0x00000000c9c00000)
 Metaspace       used 83238K, committed 84992K, reserved 1179648K
  class space    used 8436K, committed 9216K, reserved 1048576K
}
Event: 1775.719 GC heap after
{Heap after GC invocations=1215 (full 4):
 PSYoungGen      total 7168K, used 494K [0x00000000d5580000, 0x00000000d5e00000, 0x0000000100000000)
  eden space 5120K, 0% used [0x00000000d5580000,0x00000000d5580000,0x00000000d5a80000)
  from space 2048K, 24% used [0x00000000d5b00000,0x00000000d5b7bb90,0x00000000d5d00000)
  to   space 1024K, 0% used [0x00000000d5d00000,0x00000000d5d00000,0x00000000d5e00000)
 ParOldGen       total 1209344K, used 1209257K [0x0000000080000000, 0x00000000c9d00000, 0x00000000d5580000)
  object space 1209344K, 99% used [0x0000000080000000,0x00000000c9cea688,0x00000000c9d00000)
 Metaspace       used 83238K, committed 84992K, reserved 1179648K
  class space    used 8436K, committed 9216K, reserved 1048576K
}
Event: 1775.720 GC heap before
{Heap before GC invocations=1216 (full 5):
 PSYoungGen      total 7168K, used 494K [0x00000000d5580000, 0x00000000d5e00000, 0x0000000100000000)
  eden space 5120K, 0% used [0x00000000d5580000,0x00000000d5580000,0x00000000d5a80000)
  from space 2048K, 24% used [0x00000000d5b00000,0x00000000d5b7bb90,0x00000000d5d00000)
  to   space 1024K, 0% used [0x00000000d5d00000,0x00000000d5d00000,0x00000000d5e00000)
 ParOldGen       total 1209344K, used 1209257K [0x0000000080000000, 0x00000000c9d00000, 0x00000000d5580000)
  object space 1209344K, 99% used [0x0000000080000000,0x00000000c9cea688,0x00000000c9d00000)
 Metaspace       used 83238K, committed 84992K, reserved 1179648K
  class space    used 8436K, committed 9216K, reserved 1048576K
}
Event: 1777.161 GC heap after
{Heap after GC invocations=1216 (full 5):
 PSYoungGen      total 7168K, used 0K [0x00000000d5580000, 0x00000000d5e00000, 0x0000000100000000)
  eden space 5120K, 0% used [0x00000000d5580000,0x00000000d5580000,0x00000000d5a80000)
  from space 2048K, 0% used [0x00000000d5b00000,0x00000000d5b00000,0x00000000d5d00000)
  to   space 1024K, 0% used [0x00000000d5d00000,0x00000000d5d00000,0x00000000d5e00000)
 ParOldGen       total 1209344K, used 92070K [0x0000000080000000, 0x00000000c9d00000, 0x00000000d5580000)
  object space 1209344K, 7% used [0x0000000080000000,0x00000000859e9ba8,0x00000000c9d00000)
 Metaspace       used 83238K, committed 84992K, reserved 1179648K
  class space    used 8436K, committed 9216K, reserved 1048576K
}

