# JRE version: Java(TM) SE Runtime Environment (24.0.1+9) (build 24.0.1+9-30)
# Java VM: Java HotSpot(TM) 64-Bit Server VM (24.0.1+9-30, mixed mode, sharing, tiered, compressed oops, compressed class ptrs, g1 gc, windows-amd64)
GC Precious Log:
 CardTable entry size: 512
 Card Set container configuration: InlinePtr #cards 5 size 8 Array Of Cards #cards 10 size 36 Howl #buckets 4 coarsen threshold 1843 Howl Bitmap #cards 512 size 80 coarsen threshold 460 Card regions per heap region 1 cards per card region 2048
 CPUs: 8 total, 8 available
 Memory: 8046M
 Large Page Support: Disabled
 NUMA Support: Disabled
 Compressed Oops: Enabled (32-bit)
 Heap Region Size: 1M
 Heap Min Capacity: 8M
 Heap Initial Capacity: 126M
 Heap Max Capacity: 2012M
 Pre-touch: Disabled
 Parallel Workers: 8
 Concurrent Workers: 2
 Concurrent Refinement Workers: 8
 Periodic GC: Disabled
Heap:
 garbage-first heap   total reserved 2060288K, committed 75776K, used 48558K [0x0000000082400000, 0x0000000100000000)
  region size 1024K, 24 young (24576K), 2 survivors (2048K)
 Metaspace       used 37927K, committed 38336K, reserved 1114112K
  class space    used 3671K, committed 3840K, reserved 1048576K
GC Heap History (18 events):
Event: 2.720 GC heap before
{Heap before GC invocations=0 (full 0):
 garbage-first heap   total reserved 2060288K, committed 131072K, used 50292K [0x0000000082400000, 0x0000000100000000)
  region size 1024K, 47 young (48128K), 0 survivors (0K)
 Metaspace       used 10347K, committed 10624K, reserved 1114112K
  class space    used 902K, committed 1024K, reserved 1048576K
}
Event: 2.734 GC heap after
{Heap after GC invocations=1 (full 0):
 garbage-first heap   total reserved 2060288K, committed 131072K, used 11252K [0x0000000082400000, 0x0000000100000000)
  region size 1024K, 6 young (6144K), 6 survivors (6144K)
 Metaspace       used 10347K, committed 10624K, reserved 1114112K
  class space    used 902K, committed 1024K, reserved 1048576K
}
Event: 9.299 GC heap before
{Heap before GC invocations=1 (full 0):
 garbage-first heap   total reserved 2060288K, committed 131072K, used 61428K [0x0000000082400000, 0x0000000100000000)
  region size 1024K, 56 young (57344K), 6 survivors (6144K)
 Metaspace       used 18331K, committed 18624K, reserved 1114112K
  class space    used 1650K, committed 1792K, reserved 1048576K
}
Event: 9.319 GC heap after
{Heap after GC invocations=2 (full 0):
 garbage-first heap   total reserved 2060288K, committed 131072K, used 19150K [0x0000000082400000, 0x0000000100000000)
  region size 1024K, 7 young (7168K), 7 survivors (7168K)
 Metaspace       used 18331K, committed 18624K, reserved 1114112K
  class space    used 1650K, committed 1792K, reserved 1048576K
}
Event: 14.175 GC heap before
{Heap before GC invocations=2 (full 0):
 garbage-first heap   total reserved 2060288K, committed 131072K, used 36558K [0x0000000082400000, 0x0000000100000000)
  region size 1024K, 25 young (25600K), 7 survivors (7168K)
 Metaspace       used 21181K, committed 21504K, reserved 1114112K
  class space    used 2046K, committed 2176K, reserved 1048576K
}
Event: 14.196 GC heap after
{Heap after GC invocations=3 (full 0):
 garbage-first heap   total reserved 2060288K, committed 131072K, used 20519K [0x0000000082400000, 0x0000000100000000)
  region size 1024K, 1 young (1024K), 1 survivors (1024K)
 Metaspace       used 21181K, committed 21504K, reserved 1114112K
  class space    used 2046K, committed 2176K, reserved 1048576K
}
Event: 21.712 GC heap before
{Heap before GC invocations=4 (full 0):
 garbage-first heap   total reserved 2060288K, committed 71680K, used 70695K [0x0000000082400000, 0x0000000100000000)
  region size 1024K, 50 young (51200K), 1 survivors (1024K)
 Metaspace       used 33748K, committed 34176K, reserved 1114112K
  class space    used 3361K, committed 3520K, reserved 1048576K
}
Event: 21.726 GC heap after
{Heap after GC invocations=5 (full 0):
 garbage-first heap   total reserved 2060288K, committed 75776K, used 23415K [0x0000000082400000, 0x0000000100000000)
  region size 1024K, 4 young (4096K), 4 survivors (4096K)
 Metaspace       used 33748K, committed 34176K, reserved 1114112K
  class space    used 3361K, committed 3520K, reserved 1048576K
}
Event: 21.815 GC heap before
{Heap before GC invocations=5 (full 0):
 garbage-first heap   total reserved 2060288K, committed 75776K, used 57207K [0x0000000082400000, 0x0000000100000000)
  region size 1024K, 37 young (37888K), 4 survivors (4096K)
 Metaspace       used 33748K, committed 34176K, reserved 1114112K
  class space    used 3361K, committed 3520K, reserved 1048576K
}
Event: 21.829 GC heap after
{Heap after GC invocations=6 (full 0):
 garbage-first heap   total reserved 2060288K, committed 75776K, used 24684K [0x0000000082400000, 0x0000000100000000)
  region size 1024K, 2 young (2048K), 2 survivors (2048K)
 Metaspace       used 33748K, committed 34176K, reserved 1114112K
  class space    used 3361K, committed 3520K, reserved 1048576K
}
Event: 22.657 GC heap before
{Heap before GC invocations=6 (full 0):
 garbage-first heap   total reserved 2060288K, committed 75776K, used 47212K [0x0000000082400000, 0x0000000100000000)
  region size 1024K, 25 young (25600K), 2 survivors (2048K)
 Metaspace       used 35737K, committed 36096K, reserved 1114112K
  class space    used 3553K, committed 3712K, reserved 1048576K
}
Event: 22.669 GC heap after
{Heap after GC invocations=7 (full 0):
 garbage-first heap   total reserved 2060288K, committed 75776K, used 26722K [0x0000000082400000, 0x0000000100000000)
  region size 1024K, 4 young (4096K), 4 survivors (4096K)
 Metaspace       used 35737K, committed 36096K, reserved 1114112K
  class space    used 3553K, committed 3712K, reserved 1048576K
}
Event: 44.492 GC heap before
{Heap before GC invocations=8 (full 0):
 garbage-first heap   total reserved 2060288K, committed 75776K, used 60514K [0x0000000082400000, 0x0000000100000000)
  region size 1024K, 38 young (38912K), 4 survivors (4096K)
 Metaspace       used 36945K, committed 37312K, reserved 1114112K
  class space    used 3643K, committed 3776K, reserved 1048576K
}
Event: 44.503 GC heap after
{Heap after GC invocations=9 (full 0):
 garbage-first heap   total reserved 2060288K, committed 75776K, used 27310K [0x0000000082400000, 0x0000000100000000)
  region size 1024K, 4 young (4096K), 4 survivors (4096K)
 Metaspace       used 36945K, committed 37312K, reserved 1114112K
  class space    used 3643K, committed 3776K, reserved 1048576K
}
Event: 128.843 GC heap before
{Heap before GC invocations=9 (full 0):
 garbage-first heap   total reserved 2060288K, committed 75776K, used 62126K [0x0000000082400000, 0x0000000100000000)
  region size 1024K, 39 young (39936K), 4 survivors (4096K)
 Metaspace       used 37509K, committed 37888K, reserved 1114112K
  class space    used 3660K, committed 3840K, reserved 1048576K
}
Event: 128.851 GC heap after
{Heap after GC invocations=10 (full 0):
 garbage-first heap   total reserved 2060288K, committed 75776K, used 27047K [0x0000000082400000, 0x0000000100000000)
  region size 1024K, 2 young (2048K), 2 survivors (2048K)
 Metaspace       used 37509K, committed 37888K, reserved 1114112K
  class space    used 3660K, committed 3840K, reserved 1048576K
}
Event: 212.154 GC heap before
{Heap before GC invocations=10 (full 0):
 garbage-first heap   total reserved 2060288K, committed 75776K, used 63911K [0x0000000082400000, 0x0000000100000000)
  region size 1024K, 38 young (38912K), 2 survivors (2048K)
 Metaspace       used 37850K, committed 38208K, reserved 1114112K
  class space    used 3661K, committed 3840K, reserved 1048576K
}
Event: 212.165 GC heap after
{Heap after GC invocations=11 (full 0):
 garbage-first heap   total reserved 2060288K, committed 75776K, used 27054K [0x0000000082400000, 0x0000000100000000)
  region size 1024K, 2 young (2048K), 2 survivors (2048K)
 Metaspace       used 37850K, committed 38208K, reserved 1114112K
  class space    used 3661K, committed 3840K, reserved 1048576K
}

